2010/10/09 11:22:24 [error] [exception.CException] exception 'CException' with message 'SiteController cannot find the requested view "index".' in Z:\Dev\www\yii-1.1.4.r2429\framework\web\CController.php:807
Stack trace:
#0 Z:\Dev\www\yii-1.1.4.r2429\framework\web\CController.php(739): CController->renderPartial('index', NULL, true)
#1 Z:\Dev\www\casette1\web\protected\controllers\SiteController.php(32): CController->render('index')
#2 Z:\Dev\www\yii-1.1.4.r2429\framework\web\actions\CInlineAction.php(50): SiteController->actionIndex()
#3 Z:\Dev\www\yii-1.1.4.r2429\framework\web\CController.php(300): CInlineAction->run()
#4 Z:\Dev\www\yii-1.1.4.r2429\framework\web\CController.php(278): CController->runAction(Object(CInlineAction))
#5 Z:\Dev\www\yii-1.1.4.r2429\framework\web\CController.php(257): CController->runActionWithFilters(Object(CInlineAction), Array)
#6 Z:\Dev\www\yii-1.1.4.r2429\framework\web\CWebApplication.php(324): CController->run('')
#7 Z:\Dev\www\yii-1.1.4.r2429\framework\web\CWebApplication.php(121): CWebApplication->runController('')
#8 Z:\Dev\www\yii-1.1.4.r2429\framework\base\CApplication.php(135): CWebApplication->processRequest()
#9 Z:\Dev\www\casette1\web\index.php(13): CApplication->run()
#10 {main} REQUEST_URI=/index.php?r=site/page&view=about
2010/10/09 11:22:30 [error] [exception.CException] exception 'CException' with message 'SiteController cannot find the requested view "index".' in Z:\Dev\www\yii-1.1.4.r2429\framework\web\CController.php:807
Stack trace:
#0 Z:\Dev\www\yii-1.1.4.r2429\framework\web\CController.php(739): CController->renderPartial('index', NULL, true)
#1 Z:\Dev\www\casette1\web\protected\controllers\SiteController.php(32): CController->render('index')
#2 Z:\Dev\www\yii-1.1.4.r2429\framework\web\actions\CInlineAction.php(50): SiteController->actionIndex()
#3 Z:\Dev\www\yii-1.1.4.r2429\framework\web\CController.php(300): CInlineAction->run()
#4 Z:\Dev\www\yii-1.1.4.r2429\framework\web\CController.php(278): CController->runAction(Object(CInlineAction))
#5 Z:\Dev\www\yii-1.1.4.r2429\framework\web\CController.php(257): CController->runActionWithFilters(Object(CInlineAction), Array)
#6 Z:\Dev\www\yii-1.1.4.r2429\framework\web\CWebApplication.php(324): CController->run('')
#7 Z:\Dev\www\yii-1.1.4.r2429\framework\web\CWebApplication.php(121): CWebApplication->runController('')
#8 Z:\Dev\www\yii-1.1.4.r2429\framework\base\CApplication.php(135): CWebApplication->processRequest()
#9 Z:\Dev\www\casette1\web\index.php(13): CApplication->run()
#10 {main} REQUEST_URI=/index.php?r=site/page&view=rates
2010/10/09 11:22:31 [error] [exception.CException] exception 'CException' with message 'SiteController cannot find the requested view "index".' in Z:\Dev\www\yii-1.1.4.r2429\framework\web\CController.php:807
Stack trace:
#0 Z:\Dev\www\yii-1.1.4.r2429\framework\web\CController.php(739): CController->renderPartial('index', NULL, true)
#1 Z:\Dev\www\casette1\web\protected\controllers\SiteController.php(32): CController->render('index')
#2 Z:\Dev\www\yii-1.1.4.r2429\framework\web\actions\CInlineAction.php(50): SiteController->actionIndex()
#3 Z:\Dev\www\yii-1.1.4.r2429\framework\web\CController.php(300): CInlineAction->run()
#4 Z:\Dev\www\yii-1.1.4.r2429\framework\web\CController.php(278): CController->runAction(Object(CInlineAction))
#5 Z:\Dev\www\yii-1.1.4.r2429\framework\web\CController.php(257): CController->runActionWithFilters(Object(CInlineAction), Array)
#6 Z:\Dev\www\yii-1.1.4.r2429\framework\web\CWebApplication.php(324): CController->run('')
#7 Z:\Dev\www\yii-1.1.4.r2429\framework\web\CWebApplication.php(121): CWebApplication->runController('')
#8 Z:\Dev\www\yii-1.1.4.r2429\framework\base\CApplication.php(135): CWebApplication->processRequest()
#9 Z:\Dev\www\casette1\web\index.php(13): CApplication->run()
#10 {main} REQUEST_URI=/index.php?r=site/index
2010/10/09 11:22:37 [error] [exception.CException] exception 'CException' with message 'SiteController cannot find the requested view "index".' in Z:\Dev\www\yii-1.1.4.r2429\framework\web\CController.php:807
Stack trace:
#0 Z:\Dev\www\yii-1.1.4.r2429\framework\web\CController.php(739): CController->renderPartial('index', NULL, true)
#1 Z:\Dev\www\casette1\web\protected\controllers\SiteController.php(32): CController->render('index')
#2 Z:\Dev\www\yii-1.1.4.r2429\framework\web\actions\CInlineAction.php(50): SiteController->actionIndex()
#3 Z:\Dev\www\yii-1.1.4.r2429\framework\web\CController.php(300): CInlineAction->run()
#4 Z:\Dev\www\yii-1.1.4.r2429\framework\web\CController.php(278): CController->runAction(Object(CInlineAction))
#5 Z:\Dev\www\yii-1.1.4.r2429\framework\web\CController.php(257): CController->runActionWithFilters(Object(CInlineAction), Array)
#6 Z:\Dev\www\yii-1.1.4.r2429\framework\web\CWebApplication.php(324): CController->run('')
#7 Z:\Dev\www\yii-1.1.4.r2429\framework\web\CWebApplication.php(121): CWebApplication->runController('')
#8 Z:\Dev\www\yii-1.1.4.r2429\framework\base\CApplication.php(135): CWebApplication->processRequest()
#9 Z:\Dev\www\casette1\web\index.php(13): CApplication->run()
#10 {main} REQUEST_URI=/
2010/10/11 18:28:17 [error] [exception.CHttpException.404] exception 'CHttpException' with message 'Unable to resolve the request "favicon.ico".' in Z:\Dev\www\yii-1.1.4.r2429\framework\web\CWebApplication.php:328
Stack trace:
#0 Z:\Dev\www\yii-1.1.4.r2429\framework\web\CWebApplication.php(121): CWebApplication->runController('favicon.ico')
#1 Z:\Dev\www\yii-1.1.4.r2429\framework\base\CApplication.php(135): CWebApplication->processRequest()
#2 Z:\Dev\www\casette1\web\index.php(13): CApplication->run()
#3 {main} REQUEST_URI=/favicon.ico
2010/10/11 18:28:19 [error] [exception.CHttpException.404] exception 'CHttpException' with message 'Unable to resolve the request "en_us/site/page".' in Z:\Dev\www\yii-1.1.4.r2429\framework\web\CWebApplication.php:328
Stack trace:
#0 Z:\Dev\www\yii-1.1.4.r2429\framework\web\CWebApplication.php(121): CWebApplication->runController('en_us/site/page')
#1 Z:\Dev\www\yii-1.1.4.r2429\framework\base\CApplication.php(135): CWebApplication->processRequest()
#2 Z:\Dev\www\casette1\web\index.php(13): CApplication->run()
#3 {main} REQUEST_URI=/en_us/site/page?view=rates
2010/10/11 18:28:20 [error] [exception.CHttpException.404] exception 'CHttpException' with message 'Unable to resolve the request "favicon.ico".' in Z:\Dev\www\yii-1.1.4.r2429\framework\web\CWebApplication.php:328
Stack trace:
#0 Z:\Dev\www\yii-1.1.4.r2429\framework\web\CWebApplication.php(121): CWebApplication->runController('favicon.ico')
#1 Z:\Dev\www\yii-1.1.4.r2429\framework\base\CApplication.php(135): CWebApplication->processRequest()
#2 Z:\Dev\www\casette1\web\index.php(13): CApplication->run()
#3 {main} REQUEST_URI=/favicon.ico
2010/10/11 18:28:21 [error] [exception.CHttpException.404] exception 'CHttpException' with message 'Unable to resolve the request "en_us/site/index".' in Z:\Dev\www\yii-1.1.4.r2429\framework\web\CWebApplication.php:328
Stack trace:
#0 Z:\Dev\www\yii-1.1.4.r2429\framework\web\CWebApplication.php(121): CWebApplication->runController('en_us/site/inde...')
#1 Z:\Dev\www\yii-1.1.4.r2429\framework\base\CApplication.php(135): CWebApplication->processRequest()
#2 Z:\Dev\www\casette1\web\index.php(13): CApplication->run()
#3 {main} REQUEST_URI=/en_us/site/index
2010/10/11 18:28:22 [error] [exception.CHttpException.404] exception 'CHttpException' with message 'Unable to resolve the request "favicon.ico".' in Z:\Dev\www\yii-1.1.4.r2429\framework\web\CWebApplication.php:328
Stack trace:
#0 Z:\Dev\www\yii-1.1.4.r2429\framework\web\CWebApplication.php(121): CWebApplication->runController('favicon.ico')
#1 Z:\Dev\www\yii-1.1.4.r2429\framework\base\CApplication.php(135): CWebApplication->processRequest()
#2 Z:\Dev\www\casette1\web\index.php(13): CApplication->run()
#3 {main} REQUEST_URI=/favicon.ico
2010/10/11 18:28:23 [error] [exception.CHttpException.404] exception 'CHttpException' with message 'Unable to resolve the request "en_us/site/page".' in Z:\Dev\www\yii-1.1.4.r2429\framework\web\CWebApplication.php:328
Stack trace:
#0 Z:\Dev\www\yii-1.1.4.r2429\framework\web\CWebApplication.php(121): CWebApplication->runController('en_us/site/page')
#1 Z:\Dev\www\yii-1.1.4.r2429\framework\base\CApplication.php(135): CWebApplication->processRequest()
#2 Z:\Dev\www\casette1\web\index.php(13): CApplication->run()
#3 {main} REQUEST_URI=/en_us/site/page?view=rates
2010/10/11 18:28:23 [error] [exception.CHttpException.404] exception 'CHttpException' with message 'Unable to resolve the request "favicon.ico".' in Z:\Dev\www\yii-1.1.4.r2429\framework\web\CWebApplication.php:328
Stack trace:
#0 Z:\Dev\www\yii-1.1.4.r2429\framework\web\CWebApplication.php(121): CWebApplication->runController('favicon.ico')
#1 Z:\Dev\www\yii-1.1.4.r2429\framework\base\CApplication.php(135): CWebApplication->processRequest()
#2 Z:\Dev\www\casette1\web\index.php(13): CApplication->run()
#3 {main} REQUEST_URI=/favicon.ico
2010/10/11 18:28:24 [error] [exception.CHttpException.404] exception 'CHttpException' with message 'Unable to resolve the request "en_us/site/page".' in Z:\Dev\www\yii-1.1.4.r2429\framework\web\CWebApplication.php:328
Stack trace:
#0 Z:\Dev\www\yii-1.1.4.r2429\framework\web\CWebApplication.php(121): CWebApplication->runController('en_us/site/page')
#1 Z:\Dev\www\yii-1.1.4.r2429\framework\base\CApplication.php(135): CWebApplication->processRequest()
#2 Z:\Dev\www\casette1\web\index.php(13): CApplication->run()
#3 {main} REQUEST_URI=/en_us/site/page?view=about
2010/10/11 18:28:24 [error] [exception.CHttpException.404] exception 'CHttpException' with message 'Unable to resolve the request "favicon.ico".' in Z:\Dev\www\yii-1.1.4.r2429\framework\web\CWebApplication.php:328
Stack trace:
#0 Z:\Dev\www\yii-1.1.4.r2429\framework\web\CWebApplication.php(121): CWebApplication->runController('favicon.ico')
#1 Z:\Dev\www\yii-1.1.4.r2429\framework\base\CApplication.php(135): CWebApplication->processRequest()
#2 Z:\Dev\www\casette1\web\index.php(13): CApplication->run()
#3 {main} REQUEST_URI=/favicon.ico
2010/10/11 18:28:25 [error] [exception.CHttpException.404] exception 'CHttpException' with message 'Unable to resolve the request "en_us/site/contact".' in Z:\Dev\www\yii-1.1.4.r2429\framework\web\CWebApplication.php:328
Stack trace:
#0 Z:\Dev\www\yii-1.1.4.r2429\framework\web\CWebApplication.php(121): CWebApplication->runController('en_us/site/cont...')
#1 Z:\Dev\www\yii-1.1.4.r2429\framework\base\CApplication.php(135): CWebApplication->processRequest()
#2 Z:\Dev\www\casette1\web\index.php(13): CApplication->run()
#3 {main} REQUEST_URI=/en_us/site/contact
2010/10/11 18:28:25 [error] [exception.CHttpException.404] exception 'CHttpException' with message 'Unable to resolve the request "favicon.ico".' in Z:\Dev\www\yii-1.1.4.r2429\framework\web\CWebApplication.php:328
Stack trace:
#0 Z:\Dev\www\yii-1.1.4.r2429\framework\web\CWebApplication.php(121): CWebApplication->runController('favicon.ico')
#1 Z:\Dev\www\yii-1.1.4.r2429\framework\base\CApplication.php(135): CWebApplication->processRequest()
#2 Z:\Dev\www\casette1\web\index.php(13): CApplication->run()
#3 {main} REQUEST_URI=/favicon.ico
2010/10/11 18:28:37 [error] [exception.CHttpException.404] exception 'CHttpException' with message 'Unable to resolve the request "en_us/site/page".' in Z:\Dev\www\yii-1.1.4.r2429\framework\web\CWebApplication.php:328
Stack trace:
#0 Z:\Dev\www\yii-1.1.4.r2429\framework\web\CWebApplication.php(121): CWebApplication->runController('en_us/site/page')
#1 Z:\Dev\www\yii-1.1.4.r2429\framework\base\CApplication.php(135): CWebApplication->processRequest()
#2 Z:\Dev\www\casette1\web\index.php(13): CApplication->run()
#3 {main} REQUEST_URI=/en_us/site/page?view=rates
2010/10/11 18:28:37 [error] [exception.CHttpException.404] exception 'CHttpException' with message 'Unable to resolve the request "en_us/site/index".' in Z:\Dev\www\yii-1.1.4.r2429\framework\web\CWebApplication.php:328
Stack trace:
#0 Z:\Dev\www\yii-1.1.4.r2429\framework\web\CWebApplication.php(121): CWebApplication->runController('en_us/site/inde...')
#1 Z:\Dev\www\yii-1.1.4.r2429\framework\base\CApplication.php(135): CWebApplication->processRequest()
#2 Z:\Dev\www\casette1\web\index.php(13): CApplication->run()
#3 {main} REQUEST_URI=/en_us/site/index
2010/10/11 18:28:38 [error] [exception.CHttpException.404] exception 'CHttpException' with message 'Unable to resolve the request "favicon.ico".' in Z:\Dev\www\yii-1.1.4.r2429\framework\web\CWebApplication.php:328
Stack trace:
#0 Z:\Dev\www\yii-1.1.4.r2429\framework\web\CWebApplication.php(121): CWebApplication->runController('favicon.ico')
#1 Z:\Dev\www\yii-1.1.4.r2429\framework\base\CApplication.php(135): CWebApplication->processRequest()
#2 Z:\Dev\www\casette1\web\index.php(13): CApplication->run()
#3 {main} REQUEST_URI=/favicon.ico
2010/10/11 18:29:00 [error] [exception.CHttpException.404] exception 'CHttpException' with message 'Unable to resolve the request "en_us/site/page".' in Z:\Dev\www\yii-1.1.4.r2429\framework\web\CWebApplication.php:328
Stack trace:
#0 Z:\Dev\www\yii-1.1.4.r2429\framework\web\CWebApplication.php(121): CWebApplication->runController('en_us/site/page')
#1 Z:\Dev\www\yii-1.1.4.r2429\framework\base\CApplication.php(135): CWebApplication->processRequest()
#2 Z:\Dev\www\casette1\web\index.php(13): CApplication->run()
#3 {main} REQUEST_URI=/en_us/site/page?view=about
2010/10/11 18:29:00 [error] [exception.CHttpException.404] exception 'CHttpException' with message 'Unable to resolve the request "favicon.ico".' in Z:\Dev\www\yii-1.1.4.r2429\framework\web\CWebApplication.php:328
Stack trace:
#0 Z:\Dev\www\yii-1.1.4.r2429\framework\web\CWebApplication.php(121): CWebApplication->runController('favicon.ico')
#1 Z:\Dev\www\yii-1.1.4.r2429\framework\base\CApplication.php(135): CWebApplication->processRequest()
#2 Z:\Dev\www\casette1\web\index.php(13): CApplication->run()
#3 {main} REQUEST_URI=/favicon.ico
2010/10/11 18:50:23 [error] [exception.CHttpException.404] exception 'CHttpException' with message 'Unable to resolve the request "en_us/site/contact".' in Z:\Dev\www\yii-1.1.4.r2429\framework\web\CWebApplication.php:328
Stack trace:
#0 Z:\Dev\www\yii-1.1.4.r2429\framework\web\CWebApplication.php(121): CWebApplication->runController('en_us/site/cont...')
#1 Z:\Dev\www\yii-1.1.4.r2429\framework\base\CApplication.php(135): CWebApplication->processRequest()
#2 Z:\Dev\www\casette1\web\index.php(13): CApplication->run()
#3 {main} REQUEST_URI=/en_us/site/contact
2010/10/11 18:50:23 [error] [exception.CHttpException.404] exception 'CHttpException' with message 'Unable to resolve the request "favicon.ico".' in Z:\Dev\www\yii-1.1.4.r2429\framework\web\CWebApplication.php:328
Stack trace:
#0 Z:\Dev\www\yii-1.1.4.r2429\framework\web\CWebApplication.php(121): CWebApplication->runController('favicon.ico')
#1 Z:\Dev\www\yii-1.1.4.r2429\framework\base\CApplication.php(135): CWebApplication->processRequest()
#2 Z:\Dev\www\casette1\web\index.php(13): CApplication->run()
#3 {main} REQUEST_URI=/favicon.ico
2010/10/11 18:50:45 [error] [exception.CHttpException.404] exception 'CHttpException' with message 'Unable to resolve the request "en_us/site/contact".' in Z:\Dev\www\yii-1.1.4.r2429\framework\web\CWebApplication.php:328
Stack trace:
#0 Z:\Dev\www\yii-1.1.4.r2429\framework\web\CWebApplication.php(121): CWebApplication->runController('en_us/site/cont...')
#1 Z:\Dev\www\yii-1.1.4.r2429\framework\base\CApplication.php(135): CWebApplication->processRequest()
#2 Z:\Dev\www\casette1\web\index.php(13): CApplication->run()
#3 {main} REQUEST_URI=/en_us/site/contact
2010/10/11 18:50:45 [error] [exception.CHttpException.404] exception 'CHttpException' with message 'Unable to resolve the request "favicon.ico".' in Z:\Dev\www\yii-1.1.4.r2429\framework\web\CWebApplication.php:328
Stack trace:
#0 Z:\Dev\www\yii-1.1.4.r2429\framework\web\CWebApplication.php(121): CWebApplication->runController('favicon.ico')
#1 Z:\Dev\www\yii-1.1.4.r2429\framework\base\CApplication.php(135): CWebApplication->processRequest()
#2 Z:\Dev\www\casette1\web\index.php(13): CApplication->run()
#3 {main} REQUEST_URI=/favicon.ico
2010/10/11 18:50:48 [error] [exception.CHttpException.404] exception 'CHttpException' with message 'Unable to resolve the request "en_us/site/contact".' in Z:\Dev\www\yii-1.1.4.r2429\framework\web\CWebApplication.php:328
Stack trace:
#0 Z:\Dev\www\yii-1.1.4.r2429\framework\web\CWebApplication.php(121): CWebApplication->runController('en_us/site/cont...')
#1 Z:\Dev\www\yii-1.1.4.r2429\framework\base\CApplication.php(135): CWebApplication->processRequest()
#2 Z:\Dev\www\casette1\web\index.php(13): CApplication->run()
#3 {main} REQUEST_URI=/en_us/site/contact
2010/10/11 18:50:48 [error] [exception.CHttpException.404] exception 'CHttpException' with message 'Unable to resolve the request "favicon.ico".' in Z:\Dev\www\yii-1.1.4.r2429\framework\web\CWebApplication.php:328
Stack trace:
#0 Z:\Dev\www\yii-1.1.4.r2429\framework\web\CWebApplication.php(121): CWebApplication->runController('favicon.ico')
#1 Z:\Dev\www\yii-1.1.4.r2429\framework\base\CApplication.php(135): CWebApplication->processRequest()
#2 Z:\Dev\www\casette1\web\index.php(13): CApplication->run()
#3 {main} REQUEST_URI=/favicon.ico
2010/10/11 18:50:52 [error] [exception.CHttpException.404] exception 'CHttpException' with message 'Unable to resolve the request "favicon.ico".' in Z:\Dev\www\yii-1.1.4.r2429\framework\web\CWebApplication.php:328
Stack trace:
#0 Z:\Dev\www\yii-1.1.4.r2429\framework\web\CWebApplication.php(121): CWebApplication->runController('favicon.ico')
#1 Z:\Dev\www\yii-1.1.4.r2429\framework\base\CApplication.php(135): CWebApplication->processRequest()
#2 Z:\Dev\www\casette1\web\index.php(13): CApplication->run()
#3 {main} REQUEST_URI=/favicon.ico
2010/10/11 18:50:53 [error] [exception.CHttpException.404] exception 'CHttpException' with message 'The requested view "about" was not found.' in Z:\Dev\www\yii-1.1.4.r2429\framework\web\actions\CViewAction.php:110
Stack trace:
#0 Z:\Dev\www\yii-1.1.4.r2429\framework\web\actions\CViewAction.php(121): CViewAction->resolveView('about')
#1 Z:\Dev\www\yii-1.1.4.r2429\framework\web\CController.php(300): CViewAction->run()
#2 Z:\Dev\www\yii-1.1.4.r2429\framework\web\CController.php(278): CController->runAction(Object(CViewAction))
#3 Z:\Dev\www\yii-1.1.4.r2429\framework\web\CController.php(257): CController->runActionWithFilters(Object(CViewAction), Array)
#4 Z:\Dev\www\yii-1.1.4.r2429\framework\web\CWebApplication.php(324): CController->run('page')
#5 Z:\Dev\www\yii-1.1.4.r2429\framework\web\CWebApplication.php(121): CWebApplication->runController('site/page/view/...')
#6 Z:\Dev\www\yii-1.1.4.r2429\framework\base\CApplication.php(135): CWebApplication->processRequest()
#7 Z:\Dev\www\casette1\web\index.php(13): CApplication->run()
#8 {main} REQUEST_URI=/site/page/view/about
2010/10/11 18:50:54 [error] [exception.CHttpException.404] exception 'CHttpException' with message 'Unable to resolve the request "favicon.ico".' in Z:\Dev\www\yii-1.1.4.r2429\framework\web\CWebApplication.php:328
Stack trace:
#0 Z:\Dev\www\yii-1.1.4.r2429\framework\web\CWebApplication.php(121): CWebApplication->runController('favicon.ico')
#1 Z:\Dev\www\yii-1.1.4.r2429\framework\base\CApplication.php(135): CWebApplication->processRequest()
#2 Z:\Dev\www\casette1\web\index.php(13): CApplication->run()
#3 {main} REQUEST_URI=/favicon.ico
2010/10/11 18:50:55 [error] [exception.CHttpException.404] exception 'CHttpException' with message 'The requested view "rates" was not found.' in Z:\Dev\www\yii-1.1.4.r2429\framework\web\actions\CViewAction.php:110
Stack trace:
#0 Z:\Dev\www\yii-1.1.4.r2429\framework\web\actions\CViewAction.php(121): CViewAction->resolveView('rates')
#1 Z:\Dev\www\yii-1.1.4.r2429\framework\web\CController.php(300): CViewAction->run()
#2 Z:\Dev\www\yii-1.1.4.r2429\framework\web\CController.php(278): CController->runAction(Object(CViewAction))
#3 Z:\Dev\www\yii-1.1.4.r2429\framework\web\CController.php(257): CController->runActionWithFilters(Object(CViewAction), Array)
#4 Z:\Dev\www\yii-1.1.4.r2429\framework\web\CWebApplication.php(324): CController->run('page')
#5 Z:\Dev\www\yii-1.1.4.r2429\framework\web\CWebApplication.php(121): CWebApplication->runController('site/page/view/...')
#6 Z:\Dev\www\yii-1.1.4.r2429\framework\base\CApplication.php(135): CWebApplication->processRequest()
#7 Z:\Dev\www\casette1\web\index.php(13): CApplication->run()
#8 {main} REQUEST_URI=/site/page/view/rates
2010/10/11 18:50:55 [error] [exception.CHttpException.404] exception 'CHttpException' with message 'Unable to resolve the request "favicon.ico".' in Z:\Dev\www\yii-1.1.4.r2429\framework\web\CWebApplication.php:328
Stack trace:
#0 Z:\Dev\www\yii-1.1.4.r2429\framework\web\CWebApplication.php(121): CWebApplication->runController('favicon.ico')
#1 Z:\Dev\www\yii-1.1.4.r2429\framework\base\CApplication.php(135): CWebApplication->processRequest()
#2 Z:\Dev\www\casette1\web\index.php(13): CApplication->run()
#3 {main} REQUEST_URI=/favicon.ico
2010/10/11 18:50:59 [error] [exception.CHttpException.404] exception 'CHttpException' with message 'Unable to resolve the request "favicon.ico".' in Z:\Dev\www\yii-1.1.4.r2429\framework\web\CWebApplication.php:328
Stack trace:
#0 Z:\Dev\www\yii-1.1.4.r2429\framework\web\CWebApplication.php(121): CWebApplication->runController('favicon.ico')
#1 Z:\Dev\www\yii-1.1.4.r2429\framework\base\CApplication.php(135): CWebApplication->processRequest()
#2 Z:\Dev\www\casette1\web\index.php(13): CApplication->run()
#3 {main} REQUEST_URI=/favicon.ico
2010/10/11 18:51:32 [error] [exception.CHttpException.404] exception 'CHttpException' with message 'Unable to resolve the request "en_us/site/captcha".' in Z:\Dev\www\yii-1.1.4.r2429\framework\web\CWebApplication.php:328
Stack trace:
#0 Z:\Dev\www\yii-1.1.4.r2429\framework\web\CWebApplication.php(121): CWebApplication->runController('en_us/site/capt...')
#1 Z:\Dev\www\yii-1.1.4.r2429\framework\base\CApplication.php(135): CWebApplication->processRequest()
#2 Z:\Dev\www\casette1\web\index.php(13): CApplication->run()
#3 {main} REQUEST_URI=/en_us/site/captcha?v=4cb3409388751
2010/10/11 18:51:32 [error] [exception.CHttpException.404] exception 'CHttpException' with message 'Unable to resolve the request "favicon.ico".' in Z:\Dev\www\yii-1.1.4.r2429\framework\web\CWebApplication.php:328
Stack trace:
#0 Z:\Dev\www\yii-1.1.4.r2429\framework\web\CWebApplication.php(121): CWebApplication->runController('favicon.ico')
#1 Z:\Dev\www\yii-1.1.4.r2429\framework\base\CApplication.php(135): CWebApplication->processRequest()
#2 Z:\Dev\www\casette1\web\index.php(13): CApplication->run()
#3 {main} REQUEST_URI=/favicon.ico
2010/10/11 18:51:35 [error] [exception.CHttpException.404] exception 'CHttpException' with message 'Unable to resolve the request "en_us/site/contact".' in Z:\Dev\www\yii-1.1.4.r2429\framework\web\CWebApplication.php:328
Stack trace:
#0 Z:\Dev\www\yii-1.1.4.r2429\framework\web\CWebApplication.php(121): CWebApplication->runController('en_us/site/cont...')
#1 Z:\Dev\www\yii-1.1.4.r2429\framework\base\CApplication.php(135): CWebApplication->processRequest()
#2 Z:\Dev\www\casette1\web\index.php(13): CApplication->run()
#3 {main} REQUEST_URI=/en_us/site/contact
2010/10/11 18:51:35 [error] [exception.CHttpException.404] exception 'CHttpException' with message 'Unable to resolve the request "favicon.ico".' in Z:\Dev\www\yii-1.1.4.r2429\framework\web\CWebApplication.php:328
Stack trace:
#0 Z:\Dev\www\yii-1.1.4.r2429\framework\web\CWebApplication.php(121): CWebApplication->runController('favicon.ico')
#1 Z:\Dev\www\yii-1.1.4.r2429\framework\base\CApplication.php(135): CWebApplication->processRequest()
#2 Z:\Dev\www\casette1\web\index.php(13): CApplication->run()
#3 {main} REQUEST_URI=/favicon.ico
2010/10/11 18:53:44 [error] [exception.CHttpException.404] exception 'CHttpException' with message 'Unable to resolve the request "en_us/site/page".' in Z:\Dev\www\yii-1.1.4.r2429\framework\web\CWebApplication.php:328
Stack trace:
#0 Z:\Dev\www\yii-1.1.4.r2429\framework\web\CWebApplication.php(121): CWebApplication->runController('en_us/site/page')
#1 Z:\Dev\www\yii-1.1.4.r2429\framework\base\CApplication.php(135): CWebApplication->processRequest()
#2 Z:\Dev\www\casette1\web\index.php(13): CApplication->run()
#3 {main} REQUEST_URI=/en_us/site/page?view=rates
2010/10/11 18:53:45 [error] [exception.CHttpException.404] exception 'CHttpException' with message 'Unable to resolve the request "favicon.ico".' in Z:\Dev\www\yii-1.1.4.r2429\framework\web\CWebApplication.php:328
Stack trace:
#0 Z:\Dev\www\yii-1.1.4.r2429\framework\web\CWebApplication.php(121): CWebApplication->runController('favicon.ico')
#1 Z:\Dev\www\yii-1.1.4.r2429\framework\base\CApplication.php(135): CWebApplication->processRequest()
#2 Z:\Dev\www\casette1\web\index.php(13): CApplication->run()
#3 {main} REQUEST_URI=/favicon.ico
2010/10/11 18:53:46 [error] [exception.CHttpException.404] exception 'CHttpException' with message 'Unable to resolve the request "en_us/site/page".' in Z:\Dev\www\yii-1.1.4.r2429\framework\web\CWebApplication.php:328
Stack trace:
#0 Z:\Dev\www\yii-1.1.4.r2429\framework\web\CWebApplication.php(121): CWebApplication->runController('en_us/site/page')
#1 Z:\Dev\www\yii-1.1.4.r2429\framework\base\CApplication.php(135): CWebApplication->processRequest()
#2 Z:\Dev\www\casette1\web\index.php(13): CApplication->run()
#3 {main} REQUEST_URI=/en_us/site/page?view=about
2010/10/11 18:53:46 [error] [exception.CHttpException.404] exception 'CHttpException' with message 'Unable to resolve the request "favicon.ico".' in Z:\Dev\www\yii-1.1.4.r2429\framework\web\CWebApplication.php:328
Stack trace:
#0 Z:\Dev\www\yii-1.1.4.r2429\framework\web\CWebApplication.php(121): CWebApplication->runController('favicon.ico')
#1 Z:\Dev\www\yii-1.1.4.r2429\framework\base\CApplication.php(135): CWebApplication->processRequest()
#2 Z:\Dev\www\casette1\web\index.php(13): CApplication->run()
#3 {main} REQUEST_URI=/favicon.ico
2010/10/11 18:53:47 [error] [exception.CHttpException.404] exception 'CHttpException' with message 'Unable to resolve the request "en_us/site/contact".' in Z:\Dev\www\yii-1.1.4.r2429\framework\web\CWebApplication.php:328
Stack trace:
#0 Z:\Dev\www\yii-1.1.4.r2429\framework\web\CWebApplication.php(121): CWebApplication->runController('en_us/site/cont...')
#1 Z:\Dev\www\yii-1.1.4.r2429\framework\base\CApplication.php(135): CWebApplication->processRequest()
#2 Z:\Dev\www\casette1\web\index.php(13): CApplication->run()
#3 {main} REQUEST_URI=/en_us/site/contact
2010/10/11 18:53:47 [error] [exception.CHttpException.404] exception 'CHttpException' with message 'Unable to resolve the request "favicon.ico".' in Z:\Dev\www\yii-1.1.4.r2429\framework\web\CWebApplication.php:328
Stack trace:
#0 Z:\Dev\www\yii-1.1.4.r2429\framework\web\CWebApplication.php(121): CWebApplication->runController('favicon.ico')
#1 Z:\Dev\www\yii-1.1.4.r2429\framework\base\CApplication.php(135): CWebApplication->processRequest()
#2 Z:\Dev\www\casette1\web\index.php(13): CApplication->run()
#3 {main} REQUEST_URI=/favicon.ico
2010/10/11 18:53:50 [error] [exception.CHttpException.404] exception 'CHttpException' with message 'Unable to resolve the request "en_us/site/page".' in Z:\Dev\www\yii-1.1.4.r2429\framework\web\CWebApplication.php:328
Stack trace:
#0 Z:\Dev\www\yii-1.1.4.r2429\framework\web\CWebApplication.php(121): CWebApplication->runController('en_us/site/page')
#1 Z:\Dev\www\yii-1.1.4.r2429\framework\base\CApplication.php(135): CWebApplication->processRequest()
#2 Z:\Dev\www\casette1\web\index.php(13): CApplication->run()
#3 {main} REQUEST_URI=/en_us/site/page?view=rates
2010/10/11 18:53:50 [error] [exception.CHttpException.404] exception 'CHttpException' with message 'Unable to resolve the request "favicon.ico".' in Z:\Dev\www\yii-1.1.4.r2429\framework\web\CWebApplication.php:328
Stack trace:
#0 Z:\Dev\www\yii-1.1.4.r2429\framework\web\CWebApplication.php(121): CWebApplication->runController('favicon.ico')
#1 Z:\Dev\www\yii-1.1.4.r2429\framework\base\CApplication.php(135): CWebApplication->processRequest()
#2 Z:\Dev\www\casette1\web\index.php(13): CApplication->run()
#3 {main} REQUEST_URI=/favicon.ico
